objc[10006]: Class AXEmojiUtilities is implemented in both /Applications/Xcode.app/Contents/Developer/Platforms/iPhoneSimulator.platform/Developer/SDKs/iPhoneSimulator7.1.sdk/System/Library/PrivateFrameworks/AccessibilityUtilities.framework/AccessibilityUtilities and /Applications/Xcode.app/Contents/Developer/Platforms/iPhoneSimulator.platform/Developer/SDKs/iPhoneSimulator7.1.sdk/usr/lib/libAXSpeechManager.dylib. One of the two will be used. Which one is undefined.
2014-05-05 19:34:29.561 Workshop[10006:70b] Cannot find executable for CFBundle 0xa549ea0 </Applications/Xcode.app/Contents/Developer/Platforms/iPhoneSimulator.platform/Developer/SDKs/iPhoneSimulator7.1.sdk/System/Library/AccessibilityBundles/CertUIFramework.axbundle> (not loaded)
2014-05-05 19:34:29.573 Workshop[10006:70b] Cannot find executable for CFBundle 0xa33ad10 </Applications/Xcode.app/Contents/Developer/Platforms/iPhoneSimulator.platform/Developer/SDKs/iPhoneSimulator7.1.sdk/System/Library/AccessibilityBundles/GeoServices.axbundle> (not loaded)
2014-05-05 19:34:29.735 Workshop[10006:70b] Multi-tasking -> Device: YES, App: YES
2014-05-05 19:34:29.756 Workshop[10006:70b] Unlimited access to network resources
2014-05-05 19:34:29.986 Workshop[10006:70b] Resetting plugins due to page load.
2014-05-05 19:34:30.091 Workshop[10006:70b] Finished load of: file:///Users/ShavitNetzer/Library/Application%20Support/iPhone%20Simulator/7.1/Applications/16AD74E1-4CF6-4274-905A-54EB5948169D/Workshop.app/www/index.html
2014-05-05 19:34:30.160 Workshop[10006:70b] Received Event: deviceready
objc[10327]: Class AXEmojiUtilities is implemented in both /Applications/Xcode.app/Contents/Developer/Platforms/iPhoneSimulator.platform/Developer/SDKs/iPhoneSimulator7.1.sdk/System/Library/PrivateFrameworks/AccessibilityUtilities.framework/AccessibilityUtilities and /Applications/Xcode.app/Contents/Developer/Platforms/iPhoneSimulator.platform/Developer/SDKs/iPhoneSimulator7.1.sdk/usr/lib/libAXSpeechManager.dylib. One of the two will be used. Which one is undefined.
2014-05-05 19:41:04.202 Workshop[10327:70b] Cannot find executable for CFBundle 0xa334a90 </Applications/Xcode.app/Contents/Developer/Platforms/iPhoneSimulator.platform/Developer/SDKs/iPhoneSimulator7.1.sdk/System/Library/AccessibilityBundles/GeoServices.axbundle> (not loaded)
2014-05-05 19:41:04.207 Workshop[10327:70b] Cannot find executable for CFBundle 0xa27f870 </Applications/Xcode.app/Contents/Developer/Platforms/iPhoneSimulator.platform/Developer/SDKs/iPhoneSimulator7.1.sdk/System/Library/AccessibilityBundles/CertUIFramework.axbundle> (not loaded)
2014-05-05 19:41:04.231 Workshop[10327:70b] Multi-tasking -> Device: YES, App: YES
2014-05-05 19:41:04.238 Workshop[10327:70b] Unlimited access to network resources
2014-05-05 19:41:04.309 Workshop[10327:70b] Resetting plugins due to page load.
2014-05-05 19:41:04.395 Workshop[10327:70b] Finished load of: file:///Users/ShavitNetzer/Library/Application%20Support/iPhone%20Simulator/7.1/Applications/16AD74E1-4CF6-4274-905A-54EB5948169D/Workshop.app/www/index.html
objc[10668]: Class AXEmojiUtilities is implemented in both /Applications/Xcode.app/Contents/Developer/Platforms/iPhoneSimulator.platform/Developer/SDKs/iPhoneSimulator7.1.sdk/System/Library/PrivateFrameworks/AccessibilityUtilities.framework/AccessibilityUtilities and /Applications/Xcode.app/Contents/Developer/Platforms/iPhoneSimulator.platform/Developer/SDKs/iPhoneSimulator7.1.sdk/usr/lib/libAXSpeechManager.dylib. One of the two will be used. Which one is undefined.
2014-05-05 19:43:46.107 Workshop[10668:70b] Cannot find executable for CFBundle 0xa550ff0 </Applications/Xcode.app/Contents/Developer/Platforms/iPhoneSimulator.platform/Developer/SDKs/iPhoneSimulator7.1.sdk/System/Library/AccessibilityBundles/GeoServices.axbundle> (not loaded)
2014-05-05 19:43:46.115 Workshop[10668:70b] Cannot find executable for CFBundle 0xa56eec0 </Applications/Xcode.app/Contents/Developer/Platforms/iPhoneSimulator.platform/Developer/SDKs/iPhoneSimulator7.1.sdk/System/Library/AccessibilityBundles/CertUIFramework.axbundle> (not loaded)
2014-05-05 19:43:46.172 Workshop[10668:70b] Multi-tasking -> Device: YES, App: YES
2014-05-05 19:43:46.181 Workshop[10668:70b] Unlimited access to network resources
2014-05-05 19:43:46.363 Workshop[10668:70b] Resetting plugins due to page load.
2014-05-05 19:43:46.507 Workshop[10668:70b] Finished load of: file:///Users/ShavitNetzer/Library/Application%20Support/iPhone%20Simulator/7.1/Applications/16AD74E1-4CF6-4274-905A-54EB5948169D/Workshop.app/www/index.html
objc[11389]: Class AXEmojiUtilities is implemented in both /Applications/Xcode.app/Contents/Developer/Platforms/iPhoneSimulator.platform/Developer/SDKs/iPhoneSimulator7.1.sdk/System/Library/PrivateFrameworks/AccessibilityUtilities.framework/AccessibilityUtilities and /Applications/Xcode.app/Contents/Developer/Platforms/iPhoneSimulator.platform/Developer/SDKs/iPhoneSimulator7.1.sdk/usr/lib/libAXSpeechManager.dylib. One of the two will be used. Which one is undefined.
2014-05-06 01:04:31.994 Workshop[11389:70b] Cannot find executable for CFBundle 0xa2a4990 </Applications/Xcode.app/Contents/Developer/Platforms/iPhoneSimulator.platform/Developer/SDKs/iPhoneSimulator7.1.sdk/System/Library/AccessibilityBundles/CertUIFramework.axbundle> (not loaded)
2014-05-06 01:04:31.999 Workshop[11389:70b] Cannot find executable for CFBundle 0xa5a0d30 </Applications/Xcode.app/Contents/Developer/Platforms/iPhoneSimulator.platform/Developer/SDKs/iPhoneSimulator7.1.sdk/System/Library/AccessibilityBundles/GeoServices.axbundle> (not loaded)
2014-05-06 01:04:32.027 Workshop[11389:70b] Multi-tasking -> Device: YES, App: YES
2014-05-06 01:04:32.033 Workshop[11389:70b] Unlimited access to network resources
2014-05-06 01:04:32.106 Workshop[11389:70b] Resetting plugins due to page load.
2014-05-06 01:04:32.159 Workshop[11389:70b] Finished load of: file:///Users/ShavitNetzer/Library/Application%20Support/iPhone%20Simulator/7.1/Applications/16AD74E1-4CF6-4274-905A-54EB5948169D/Workshop.app/www/index.html
Terminating in response to SpringBoard's termination.
objc[11573]: Class AXEmojiUtilities is implemented in both /Applications/Xcode.app/Contents/Developer/Platforms/iPhoneSimulator.platform/Developer/SDKs/iPhoneSimulator7.1.sdk/System/Library/PrivateFrameworks/AccessibilityUtilities.framework/AccessibilityUtilities and /Applications/Xcode.app/Contents/Developer/Platforms/iPhoneSimulator.platform/Developer/SDKs/iPhoneSimulator7.1.sdk/usr/lib/libAXSpeechManager.dylib. One of the two will be used. Which one is undefined.
2014-05-06 01:04:58.500 Workshop[11573:70b] Cannot find executable for CFBundle 0xa29d2e0 </Applications/Xcode.app/Contents/Developer/Platforms/iPhoneSimulator.platform/Developer/SDKs/iPhoneSimulator7.1.sdk/System/Library/AccessibilityBundles/GeoServices.axbundle> (not loaded)
2014-05-06 01:04:58.510 Workshop[11573:70b] Cannot find executable for CFBundle 0xa2beff0 </Applications/Xcode.app/Contents/Developer/Platforms/iPhoneSimulator.platform/Developer/SDKs/iPhoneSimulator7.1.sdk/System/Library/AccessibilityBundles/CertUIFramework.axbundle> (not loaded)
2014-05-06 01:04:58.567 Workshop[11573:70b] Multi-tasking -> Device: YES, App: YES
2014-05-06 01:04:58.578 Workshop[11573:70b] Unlimited access to network resources
2014-05-06 01:04:58.834 Workshop[11573:70b] Resetting plugins due to page load.
2014-05-06 01:04:59.031 Workshop[11573:70b] Finished load of: file:///Users/ShavitNetzer/Library/Application%20Support/iPhone%20Simulator/7.1/Applications/16AD74E1-4CF6-4274-905A-54EB5948169D/Workshop.app/www/index.html
2014-05-06 01:05:03.248 Workshop[11573:70b] THREAD WARNING: ['Notification'] took '25.607178' ms. Plugin should use a background thread.
objc[11742]: Class AXEmojiUtilities is implemented in both /Applications/Xcode.app/Contents/Developer/Platforms/iPhoneSimulator.platform/Developer/SDKs/iPhoneSimulator7.1.sdk/System/Library/PrivateFrameworks/AccessibilityUtilities.framework/AccessibilityUtilities and /Applications/Xcode.app/Contents/Developer/Platforms/iPhoneSimulator.platform/Developer/SDKs/iPhoneSimulator7.1.sdk/usr/lib/libAXSpeechManager.dylib. One of the two will be used. Which one is undefined.
2014-05-06 01:08:20.946 Workshop[11742:70b] Cannot find executable for CFBundle 0xa57a5a0 </Applications/Xcode.app/Contents/Developer/Platforms/iPhoneSimulator.platform/Developer/SDKs/iPhoneSimulator7.1.sdk/System/Library/AccessibilityBundles/CertUIFramework.axbundle> (not loaded)
2014-05-06 01:08:20.951 Workshop[11742:70b] Cannot find executable for CFBundle 0xa594d00 </Applications/Xcode.app/Contents/Developer/Platforms/iPhoneSimulator.platform/Developer/SDKs/iPhoneSimulator7.1.sdk/System/Library/AccessibilityBundles/GeoServices.axbundle> (not loaded)
2014-05-06 01:08:20.978 Workshop[11742:70b] Multi-tasking -> Device: YES, App: YES
2014-05-06 01:08:20.986 Workshop[11742:70b] Unlimited access to network resources
2014-05-06 01:08:21.056 Workshop[11742:70b] Resetting plugins due to page load.
2014-05-06 01:08:21.118 Workshop[11742:70b] Finished load of: file:///Users/ShavitNetzer/Library/Application%20Support/iPhone%20Simulator/7.1/Applications/16AD74E1-4CF6-4274-905A-54EB5948169D/Workshop.app/www/index.html
objc[11924]: Class AXEmojiUtilities is implemented in both /Applications/Xcode.app/Contents/Developer/Platforms/iPhoneSimulator.platform/Developer/SDKs/iPhoneSimulator7.1.sdk/System/Library/PrivateFrameworks/AccessibilityUtilities.framework/AccessibilityUtilities and /Applications/Xcode.app/Contents/Developer/Platforms/iPhoneSimulator.platform/Developer/SDKs/iPhoneSimulator7.1.sdk/usr/lib/libAXSpeechManager.dylib. One of the two will be used. Which one is undefined.
2014-05-06 01:08:40.878 Workshop[11924:70b] Cannot find executable for CFBundle 0xa5beaf0 </Applications/Xcode.app/Contents/Developer/Platforms/iPhoneSimulator.platform/Developer/SDKs/iPhoneSimulator7.1.sdk/System/Library/AccessibilityBundles/CertUIFramework.axbundle> (not loaded)
2014-05-06 01:08:40.889 Workshop[11924:70b] Cannot find executable for CFBundle 0xa2a4750 </Applications/Xcode.app/Contents/Developer/Platforms/iPhoneSimulator.platform/Developer/SDKs/iPhoneSimulator7.1.sdk/System/Library/AccessibilityBundles/GeoServices.axbundle> (not loaded)
2014-05-06 01:08:40.940 Workshop[11924:70b] Multi-tasking -> Device: YES, App: YES
2014-05-06 01:08:40.951 Workshop[11924:70b] Unlimited access to network resources
2014-05-06 01:08:41.233 Workshop[11924:70b] Resetting plugins due to page load.
2014-05-06 01:08:41.448 Workshop[11924:70b] Finished load of: file:///Users/ShavitNetzer/Library/Application%20Support/iPhone%20Simulator/7.1/Applications/16AD74E1-4CF6-4274-905A-54EB5948169D/Workshop.app/www/index.html
2014-05-06 01:08:44.688 Workshop[11924:70b] THREAD WARNING: ['Notification'] took '31.623291' ms. Plugin should use a background thread.
objc[12083]: Class AXEmojiUtilities is implemented in both /Applications/Xcode.app/Contents/Developer/Platforms/iPhoneSimulator.platform/Developer/SDKs/iPhoneSimulator7.1.sdk/System/Library/PrivateFrameworks/AccessibilityUtilities.framework/AccessibilityUtilities and /Applications/Xcode.app/Contents/Developer/Platforms/iPhoneSimulator.platform/Developer/SDKs/iPhoneSimulator7.1.sdk/usr/lib/libAXSpeechManager.dylib. One of the two will be used. Which one is undefined.
2014-05-06 01:09:07.859 Workshop[12083:70b] Cannot find executable for CFBundle 0xa376bb0 </Applications/Xcode.app/Contents/Developer/Platforms/iPhoneSimulator.platform/Developer/SDKs/iPhoneSimulator7.1.sdk/System/Library/AccessibilityBundles/GeoServices.axbundle> (not loaded)
2014-05-06 01:09:07.864 Workshop[12083:70b] Cannot find executable for CFBundle 0xa489490 </Applications/Xcode.app/Contents/Developer/Platforms/iPhoneSimulator.platform/Developer/SDKs/iPhoneSimulator7.1.sdk/System/Library/AccessibilityBundles/CertUIFramework.axbundle> (not loaded)
2014-05-06 01:09:07.890 Workshop[12083:70b] Multi-tasking -> Device: YES, App: YES
2014-05-06 01:09:07.896 Workshop[12083:70b] Unlimited access to network resources
2014-05-06 01:09:07.960 Workshop[12083:70b] Resetting plugins due to page load.
2014-05-06 01:09:08.020 Workshop[12083:70b] Finished load of: file:///Users/ShavitNetzer/Library/Application%20Support/iPhone%20Simulator/7.1/Applications/16AD74E1-4CF6-4274-905A-54EB5948169D/Workshop.app/www/index.html
Terminating in response to SpringBoard's termination.
objc[12403]: Class AXEmojiUtilities is implemented in both /Applications/Xcode.app/Contents/Developer/Platforms/iPhoneSimulator.platform/Developer/SDKs/iPhoneSimulator7.1.sdk/System/Library/PrivateFrameworks/AccessibilityUtilities.framework/AccessibilityUtilities and /Applications/Xcode.app/Contents/Developer/Platforms/iPhoneSimulator.platform/Developer/SDKs/iPhoneSimulator7.1.sdk/usr/lib/libAXSpeechManager.dylib. One of the two will be used. Which one is undefined.
2014-05-06 01:10:15.575 Workshop[12403:70b] Cannot find executable for CFBundle 0xa3b1570 </Applications/Xcode.app/Contents/Developer/Platforms/iPhoneSimulator.platform/Developer/SDKs/iPhoneSimulator7.1.sdk/System/Library/AccessibilityBundles/CertUIFramework.axbundle> (not loaded)
2014-05-06 01:10:15.587 Workshop[12403:70b] Cannot find executable for CFBundle 0xa3cf5b0 </Applications/Xcode.app/Contents/Developer/Platforms/iPhoneSimulator.platform/Developer/SDKs/iPhoneSimulator7.1.sdk/System/Library/AccessibilityBundles/GeoServices.axbundle> (not loaded)
2014-05-06 01:10:15.649 Workshop[12403:70b] Multi-tasking -> Device: YES, App: YES
2014-05-06 01:10:15.661 Workshop[12403:70b] Unlimited access to network resources
2014-05-06 01:10:15.900 Workshop[12403:70b] Resetting plugins due to page load.
2014-05-06 01:10:16.450 Workshop[12403:70b] Finished load of: file:///Users/ShavitNetzer/Library/Application%20Support/iPhone%20Simulator/7.1/Applications/16AD74E1-4CF6-4274-905A-54EB5948169D/Workshop.app/www/index.html
2014-05-06 01:10:19.847 Workshop[12403:70b] THREAD WARNING: ['Notification'] took '17.116943' ms. Plugin should use a background thread.
objc[12728]: Class AXEmojiUtilities is implemented in both /Applications/Xcode.app/Contents/Developer/Platforms/iPhoneSimulator.platform/Developer/SDKs/iPhoneSimulator7.1.sdk/System/Library/PrivateFrameworks/AccessibilityUtilities.framework/AccessibilityUtilities and /Applications/Xcode.app/Contents/Developer/Platforms/iPhoneSimulator.platform/Developer/SDKs/iPhoneSimulator7.1.sdk/usr/lib/libAXSpeechManager.dylib. One of the two will be used. Which one is undefined.
2014-05-06 01:15:45.931 Workshop[12728:70b] Cannot find executable for CFBundle 0xa338f90 </Applications/Xcode.app/Contents/Developer/Platforms/iPhoneSimulator.platform/Developer/SDKs/iPhoneSimulator7.1.sdk/System/Library/AccessibilityBundles/CertUIFramework.axbundle> (not loaded)
2014-05-06 01:15:45.986 Workshop[12728:70b] Cannot find executable for CFBundle 0xa563730 </Applications/Xcode.app/Contents/Developer/Platforms/iPhoneSimulator.platform/Developer/SDKs/iPhoneSimulator7.1.sdk/System/Library/AccessibilityBundles/GeoServices.axbundle> (not loaded)
2014-05-06 01:15:46.147 Workshop[12728:70b] Multi-tasking -> Device: YES, App: YES
2014-05-06 01:15:46.185 Workshop[12728:70b] Unlimited access to network resources
2014-05-06 01:15:46.419 Workshop[12728:70b] Resetting plugins due to page load.
2014-05-06 01:15:46.552 Workshop[12728:70b] Finished load of: file:///Users/ShavitNetzer/Library/Application%20Support/iPhone%20Simulator/7.1/Applications/16AD74E1-4CF6-4274-905A-54EB5948169D/Workshop.app/www/index.html
2014-05-06 01:15:48.682 Workshop[12728:70b] THREAD WARNING: ['Notification'] took '29.114014' ms. Plugin should use a background thread.
2014-05-06 01:15:51.724 Workshop[12728:70b] THREAD WARNING: ['Notification'] took '27.625977' ms. Plugin should use a background thread.
objc[13063]: Class AXEmojiUtilities is implemented in both /Applications/Xcode.app/Contents/Developer/Platforms/iPhoneSimulator.platform/Developer/SDKs/iPhoneSimulator7.1.sdk/System/Library/PrivateFrameworks/AccessibilityUtilities.framework/AccessibilityUtilities and /Applications/Xcode.app/Contents/Developer/Platforms/iPhoneSimulator.platform/Developer/SDKs/iPhoneSimulator7.1.sdk/usr/lib/libAXSpeechManager.dylib. One of the two will be used. Which one is undefined.
2014-05-06 01:27:46.611 Workshop[13063:70b] Cannot find executable for CFBundle 0xa29e1f0 </Applications/Xcode.app/Contents/Developer/Platforms/iPhoneSimulator.platform/Developer/SDKs/iPhoneSimulator7.1.sdk/System/Library/AccessibilityBundles/CertUIFramework.axbundle> (not loaded)
2014-05-06 01:27:46.630 Workshop[13063:70b] Cannot find executable for CFBundle 0xa3b81c0 </Applications/Xcode.app/Contents/Developer/Platforms/iPhoneSimulator.platform/Developer/SDKs/iPhoneSimulator7.1.sdk/System/Library/AccessibilityBundles/GeoServices.axbundle> (not loaded)
2014-05-06 01:27:46.694 Workshop[13063:70b] Multi-tasking -> Device: YES, App: YES
2014-05-06 01:27:46.706 Workshop[13063:70b] Unlimited access to network resources
2014-05-06 01:27:46.927 Workshop[13063:70b] Resetting plugins due to page load.
2014-05-06 01:27:47.059 Workshop[13063:70b] Finished load of: file:///Users/ShavitNetzer/Library/Application%20Support/iPhone%20Simulator/7.1/Applications/16AD74E1-4CF6-4274-905A-54EB5948169D/Workshop.app/www/index.html
objc[13383]: Class AXEmojiUtilities is implemented in both /Applications/Xcode.app/Contents/Developer/Platforms/iPhoneSimulator.platform/Developer/SDKs/iPhoneSimulator7.1.sdk/System/Library/PrivateFrameworks/AccessibilityUtilities.framework/AccessibilityUtilities and /Applications/Xcode.app/Contents/Developer/Platforms/iPhoneSimulator.platform/Developer/SDKs/iPhoneSimulator7.1.sdk/usr/lib/libAXSpeechManager.dylib. One of the two will be used. Which one is undefined.
2014-05-06 01:29:13.925 Workshop[13383:70b] Cannot find executable for CFBundle 0xa53ca90 </Applications/Xcode.app/Contents/Developer/Platforms/iPhoneSimulator.platform/Developer/SDKs/iPhoneSimulator7.1.sdk/System/Library/AccessibilityBundles/CertUIFramework.axbundle> (not loaded)
2014-05-06 01:29:13.944 Workshop[13383:70b] Cannot find executable for CFBundle 0xa469a80 </Applications/Xcode.app/Contents/Developer/Platforms/iPhoneSimulator.platform/Developer/SDKs/iPhoneSimulator7.1.sdk/System/Library/AccessibilityBundles/GeoServices.axbundle> (not loaded)
2014-05-06 01:29:14.136 Workshop[13383:70b] Multi-tasking -> Device: YES, App: YES
2014-05-06 01:29:14.160 Workshop[13383:70b] Unlimited access to network resources
2014-05-06 01:29:14.406 Workshop[13383:70b] Resetting plugins due to page load.
2014-05-06 01:29:14.577 Workshop[13383:70b] Finished load of: file:///Users/ShavitNetzer/Library/Application%20Support/iPhone%20Simulator/7.1/Applications/16AD74E1-4CF6-4274-905A-54EB5948169D/Workshop.app/www/index.html
objc[13684]: Class AXEmojiUtilities is implemented in both /Applications/Xcode.app/Contents/Developer/Platforms/iPhoneSimulator.platform/Developer/SDKs/iPhoneSimulator7.1.sdk/System/Library/PrivateFrameworks/AccessibilityUtilities.framework/AccessibilityUtilities and /Applications/Xcode.app/Contents/Developer/Platforms/iPhoneSimulator.platform/Developer/SDKs/iPhoneSimulator7.1.sdk/usr/lib/libAXSpeechManager.dylib. One of the two will be used. Which one is undefined.
2014-05-06 01:31:23.734 Workshop[13684:70b] Cannot find executable for CFBundle 0xa3864e0 </Applications/Xcode.app/Contents/Developer/Platforms/iPhoneSimulator.platform/Developer/SDKs/iPhoneSimulator7.1.sdk/System/Library/AccessibilityBundles/GeoServices.axbundle> (not loaded)
2014-05-06 01:31:23.739 Workshop[13684:70b] Cannot find executable for CFBundle 0xa581a60 </Applications/Xcode.app/Contents/Developer/Platforms/iPhoneSimulator.platform/Developer/SDKs/iPhoneSimulator7.1.sdk/System/Library/AccessibilityBundles/CertUIFramework.axbundle> (not loaded)
2014-05-06 01:31:23.767 Workshop[13684:70b] Multi-tasking -> Device: YES, App: YES
2014-05-06 01:31:23.774 Workshop[13684:70b] Unlimited access to network resources
2014-05-06 01:31:23.836 Workshop[13684:70b] Resetting plugins due to page load.
2014-05-06 01:31:23.887 Workshop[13684:70b] Finished load of: file:///Users/ShavitNetzer/Library/Application%20Support/iPhone%20Simulator/7.1/Applications/16AD74E1-4CF6-4274-905A-54EB5948169D/Workshop.app/www/index.html
objc[13993]: Class AXEmojiUtilities is implemented in both /Applications/Xcode.app/Contents/Developer/Platforms/iPhoneSimulator.platform/Developer/SDKs/iPhoneSimulator7.1.sdk/System/Library/PrivateFrameworks/AccessibilityUtilities.framework/AccessibilityUtilities and /Applications/Xcode.app/Contents/Developer/Platforms/iPhoneSimulator.platform/Developer/SDKs/iPhoneSimulator7.1.sdk/usr/lib/libAXSpeechManager.dylib. One of the two will be used. Which one is undefined.
2014-05-06 01:31:50.277 Workshop[13993:70b] Cannot find executable for CFBundle 0xa33b850 </Applications/Xcode.app/Contents/Developer/Platforms/iPhoneSimulator.platform/Developer/SDKs/iPhoneSimulator7.1.sdk/System/Library/AccessibilityBundles/GeoServices.axbundle> (not loaded)
2014-05-06 01:31:50.295 Workshop[13993:70b] Cannot find executable for CFBundle 0xa54a3d0 </Applications/Xcode.app/Contents/Developer/Platforms/iPhoneSimulator.platform/Developer/SDKs/iPhoneSimulator7.1.sdk/System/Library/AccessibilityBundles/CertUIFramework.axbundle> (not loaded)
2014-05-06 01:31:50.485 Workshop[13993:70b] Multi-tasking -> Device: YES, App: YES
2014-05-06 01:31:50.498 Workshop[13993:70b] Unlimited access to network resources
2014-05-06 01:31:50.727 Workshop[13993:70b] Resetting plugins due to page load.
2014-05-06 01:31:50.829 Workshop[13993:70b] Finished load of: file:///Users/ShavitNetzer/Library/Application%20Support/iPhone%20Simulator/7.1/Applications/16AD74E1-4CF6-4274-905A-54EB5948169D/Workshop.app/www/index.html
objc[14163]: Class AXEmojiUtilities is implemented in both /Applications/Xcode.app/Contents/Developer/Platforms/iPhoneSimulator.platform/Developer/SDKs/iPhoneSimulator7.1.sdk/System/Library/PrivateFrameworks/AccessibilityUtilities.framework/AccessibilityUtilities and /Applications/Xcode.app/Contents/Developer/Platforms/iPhoneSimulator.platform/Developer/SDKs/iPhoneSimulator7.1.sdk/usr/lib/libAXSpeechManager.dylib. One of the two will be used. Which one is undefined.
2014-05-06 01:34:04.453 Workshop[14163:70b] Cannot find executable for CFBundle 0xa45a9b0 </Applications/Xcode.app/Contents/Developer/Platforms/iPhoneSimulator.platform/Developer/SDKs/iPhoneSimulator7.1.sdk/System/Library/AccessibilityBundles/CertUIFramework.axbundle> (not loaded)
2014-05-06 01:34:04.457 Workshop[14163:70b] Cannot find executable for CFBundle 0xa2778f0 </Applications/Xcode.app/Contents/Developer/Platforms/iPhoneSimulator.platform/Developer/SDKs/iPhoneSimulator7.1.sdk/System/Library/AccessibilityBundles/GeoServices.axbundle> (not loaded)
2014-05-06 01:34:04.483 Workshop[14163:70b] Multi-tasking -> Device: YES, App: YES
2014-05-06 01:34:04.489 Workshop[14163:70b] Unlimited access to network resources
2014-05-06 01:34:04.552 Workshop[14163:70b] Resetting plugins due to page load.
2014-05-06 01:34:04.604 Workshop[14163:70b] Finished load of: file:///Users/ShavitNetzer/Library/Application%20Support/iPhone%20Simulator/7.1/Applications/16AD74E1-4CF6-4274-905A-54EB5948169D/Workshop.app/www/index.html
objc[14636]: Class AXEmojiUtilities is implemented in both /Applications/Xcode.app/Contents/Developer/Platforms/iPhoneSimulator.platform/Developer/SDKs/iPhoneSimulator7.1.sdk/System/Library/PrivateFrameworks/AccessibilityUtilities.framework/AccessibilityUtilities and /Applications/Xcode.app/Contents/Developer/Platforms/iPhoneSimulator.platform/Developer/SDKs/iPhoneSimulator7.1.sdk/usr/lib/libAXSpeechManager.dylib. One of the two will be used. Which one is undefined.
2014-05-06 01:36:11.471 Workshop[14636:70b] Cannot find executable for CFBundle 0xa3a6fa0 </Applications/Xcode.app/Contents/Developer/Platforms/iPhoneSimulator.platform/Developer/SDKs/iPhoneSimulator7.1.sdk/System/Library/AccessibilityBundles/GeoServices.axbundle> (not loaded)
2014-05-06 01:36:11.497 Workshop[14636:70b] Cannot find executable for CFBundle 0xa46ba70 </Applications/Xcode.app/Contents/Developer/Platforms/iPhoneSimulator.platform/Developer/SDKs/iPhoneSimulator7.1.sdk/System/Library/AccessibilityBundles/CertUIFramework.axbundle> (not loaded)
2014-05-06 01:36:11.624 Workshop[14636:70b] Multi-tasking -> Device: YES, App: YES
2014-05-06 01:36:11.652 Workshop[14636:70b] Unlimited access to network resources
2014-05-06 01:36:11.912 Workshop[14636:70b] Resetting plugins due to page load.
2014-05-06 01:36:12.052 Workshop[14636:70b] Finished load of: file:///Users/ShavitNetzer/Library/Application%20Support/iPhone%20Simulator/7.1/Applications/16AD74E1-4CF6-4274-905A-54EB5948169D/Workshop.app/www/index.html
objc[15743]: Class AXEmojiUtilities is implemented in both /Applications/Xcode.app/Contents/Developer/Platforms/iPhoneSimulator.platform/Developer/SDKs/iPhoneSimulator7.1.sdk/System/Library/PrivateFrameworks/AccessibilityUtilities.framework/AccessibilityUtilities and /Applications/Xcode.app/Contents/Developer/Platforms/iPhoneSimulator.platform/Developer/SDKs/iPhoneSimulator7.1.sdk/usr/lib/libAXSpeechManager.dylib. One of the two will be used. Which one is undefined.
2014-05-06 10:21:52.800 Workshop[15743:70b] Cannot find executable for CFBundle 0xa5821c0 </Applications/Xcode.app/Contents/Developer/Platforms/iPhoneSimulator.platform/Developer/SDKs/iPhoneSimulator7.1.sdk/System/Library/AccessibilityBundles/GeoServices.axbundle> (not loaded)
2014-05-06 10:21:52.825 Workshop[15743:70b] Cannot find executable for CFBundle 0xa27aa60 </Applications/Xcode.app/Contents/Developer/Platforms/iPhoneSimulator.platform/Developer/SDKs/iPhoneSimulator7.1.sdk/System/Library/AccessibilityBundles/CertUIFramework.axbundle> (not loaded)
2014-05-06 10:21:52.917 Workshop[15743:70b] Multi-tasking -> Device: YES, App: YES
2014-05-06 10:21:52.928 Workshop[15743:70b] Unlimited access to network resources
2014-05-06 10:21:53.183 Workshop[15743:70b] Resetting plugins due to page load.
2014-05-06 10:21:53.300 Workshop[15743:70b] Finished load of: file:///Users/ShavitNetzer/Library/Application%20Support/iPhone%20Simulator/7.1/Applications/B2A11C41-962D-4454-BBCB-49F6947D3293/Workshop.app/www/index.html
objc[16038]: Class AXEmojiUtilities is implemented in both /Applications/Xcode.app/Contents/Developer/Platforms/iPhoneSimulator.platform/Developer/SDKs/iPhoneSimulator7.1.sdk/System/Library/PrivateFrameworks/AccessibilityUtilities.framework/AccessibilityUtilities and /Applications/Xcode.app/Contents/Developer/Platforms/iPhoneSimulator.platform/Developer/SDKs/iPhoneSimulator7.1.sdk/usr/lib/libAXSpeechManager.dylib. One of the two will be used. Which one is undefined.
2014-05-06 10:22:43.140 Workshop[16038:70b] Cannot find executable for CFBundle 0xa398540 </Applications/Xcode.app/Contents/Developer/Platforms/iPhoneSimulator.platform/Developer/SDKs/iPhoneSimulator7.1.sdk/System/Library/AccessibilityBundles/CertUIFramework.axbundle> (not loaded)
2014-05-06 10:22:43.149 Workshop[16038:70b] Cannot find executable for CFBundle 0xa2b1af0 </Applications/Xcode.app/Contents/Developer/Platforms/iPhoneSimulator.platform/Developer/SDKs/iPhoneSimulator7.1.sdk/System/Library/AccessibilityBundles/GeoServices.axbundle> (not loaded)
2014-05-06 10:22:43.189 Workshop[16038:70b] Multi-tasking -> Device: YES, App: YES
2014-05-06 10:22:43.200 Workshop[16038:70b] Unlimited access to network resources
2014-05-06 10:22:43.542 Workshop[16038:70b] Resetting plugins due to page load.
2014-05-06 10:22:43.610 Workshop[16038:70b] Finished load of: file:///Users/ShavitNetzer/Library/Application%20Support/iPhone%20Simulator/7.1/Applications/B2A11C41-962D-4454-BBCB-49F6947D3293/Workshop.app/www/index.html
objc[16228]: Class AXEmojiUtilities is implemented in both /Applications/Xcode.app/Contents/Developer/Platforms/iPhoneSimulator.platform/Developer/SDKs/iPhoneSimulator7.1.sdk/System/Library/PrivateFrameworks/AccessibilityUtilities.framework/AccessibilityUtilities and /Applications/Xcode.app/Contents/Developer/Platforms/iPhoneSimulator.platform/Developer/SDKs/iPhoneSimulator7.1.sdk/usr/lib/libAXSpeechManager.dylib. One of the two will be used. Which one is undefined.
2014-05-06 10:27:17.012 Workshop[16228:70b] Cannot find executable for CFBundle 0xa457e20 </Applications/Xcode.app/Contents/Developer/Platforms/iPhoneSimulator.platform/Developer/SDKs/iPhoneSimulator7.1.sdk/System/Library/AccessibilityBundles/GeoServices.axbundle> (not loaded)
2014-05-06 10:27:17.030 Workshop[16228:70b] Cannot find executable for CFBundle 0xa478550 </Applications/Xcode.app/Contents/Developer/Platforms/iPhoneSimulator.platform/Developer/SDKs/iPhoneSimulator7.1.sdk/System/Library/AccessibilityBundles/CertUIFramework.axbundle> (not loaded)
2014-05-06 10:27:17.088 Workshop[16228:70b] Multi-tasking -> Device: YES, App: YES
2014-05-06 10:27:17.099 Workshop[16228:70b] Unlimited access to network resources
2014-05-06 10:27:17.361 Workshop[16228:70b] Resetting plugins due to page load.
2014-05-06 10:27:17.478 Workshop[16228:70b] Finished load of: file:///Users/ShavitNetzer/Library/Application%20Support/iPhone%20Simulator/7.1/Applications/B2A11C41-962D-4454-BBCB-49F6947D3293/Workshop.app/www/index.html
objc[16557]: Class AXEmojiUtilities is implemented in both /Applications/Xcode.app/Contents/Developer/Platforms/iPhoneSimulator.platform/Developer/SDKs/iPhoneSimulator7.1.sdk/System/Library/PrivateFrameworks/AccessibilityUtilities.framework/AccessibilityUtilities and /Applications/Xcode.app/Contents/Developer/Platforms/iPhoneSimulator.platform/Developer/SDKs/iPhoneSimulator7.1.sdk/usr/lib/libAXSpeechManager.dylib. One of the two will be used. Which one is undefined.
2014-05-06 10:29:36.295 Workshop[16557:70b] Cannot find executable for CFBundle 0xa5be360 </Applications/Xcode.app/Contents/Developer/Platforms/iPhoneSimulator.platform/Developer/SDKs/iPhoneSimulator7.1.sdk/System/Library/AccessibilityBundles/GeoServices.axbundle> (not loaded)
2014-05-06 10:29:36.335 Workshop[16557:70b] Cannot find executable for CFBundle 0xa295d80 </Applications/Xcode.app/Contents/Developer/Platforms/iPhoneSimulator.platform/Developer/SDKs/iPhoneSimulator7.1.sdk/System/Library/AccessibilityBundles/CertUIFramework.axbundle> (not loaded)
2014-05-06 10:29:36.730 Workshop[16557:70b] Multi-tasking -> Device: YES, App: YES
2014-05-06 10:29:36.771 Workshop[16557:70b] Unlimited access to network resources
2014-05-06 10:29:37.074 Workshop[16557:70b] Resetting plugins due to page load.
2014-05-06 10:29:37.607 Workshop[16557:70b] Finished load of: file:///Users/ShavitNetzer/Library/Application%20Support/iPhone%20Simulator/7.1/Applications/B2A11C41-962D-4454-BBCB-49F6947D3293/Workshop.app/www/index.html
2014-05-06 10:30:12.938 Workshop[16557:70b] Failed to load webpage with error: The URL can’t be shown
2014-05-06 10:30:14.503 Workshop[16557:70b] Failed to load webpage with error: The URL can’t be shown
2014-05-06 10:30:15.302 Workshop[16557:70b] Failed to load webpage with error: The URL can’t be shown
2014-05-06 10:30:16.694 Workshop[16557:70b] Failed to load webpage with error: The URL can’t be shown
2014-05-06 10:30:17.614 Workshop[16557:70b] Failed to load webpage with error: The URL can’t be shown
2014-05-06 10:30:18.736 Workshop[16557:70b] Failed to load webpage with error: The URL can’t be shown
2014-05-06 10:30:19.741 Workshop[16557:70b] Failed to load webpage with error: The URL can’t be shown
objc[16891]: Class AXEmojiUtilities is implemented in both /Applications/Xcode.app/Contents/Developer/Platforms/iPhoneSimulator.platform/Developer/SDKs/iPhoneSimulator7.1.sdk/System/Library/PrivateFrameworks/AccessibilityUtilities.framework/AccessibilityUtilities and /Applications/Xcode.app/Contents/Developer/Platforms/iPhoneSimulator.platform/Developer/SDKs/iPhoneSimulator7.1.sdk/usr/lib/libAXSpeechManager.dylib. One of the two will be used. Which one is undefined.
2014-05-06 10:31:44.469 Workshop[16891:70b] Cannot find executable for CFBundle 0xa543dd0 </Applications/Xcode.app/Contents/Developer/Platforms/iPhoneSimulator.platform/Developer/SDKs/iPhoneSimulator7.1.sdk/System/Library/AccessibilityBundles/GeoServices.axbundle> (not loaded)
2014-05-06 10:31:44.479 Workshop[16891:70b] Cannot find executable for CFBundle 0xa585cb0 </Applications/Xcode.app/Contents/Developer/Platforms/iPhoneSimulator.platform/Developer/SDKs/iPhoneSimulator7.1.sdk/System/Library/AccessibilityBundles/CertUIFramework.axbundle> (not loaded)
2014-05-06 10:31:44.555 Workshop[16891:70b] Multi-tasking -> Device: YES, App: YES
2014-05-06 10:31:44.566 Workshop[16891:70b] Unlimited access to network resources
2014-05-06 10:31:44.799 Workshop[16891:70b] Resetting plugins due to page load.
2014-05-06 10:31:45.128 Workshop[16891:70b] Finished load of: file:///Users/ShavitNetzer/Library/Application%20Support/iPhone%20Simulator/7.1/Applications/B2A11C41-962D-4454-BBCB-49F6947D3293/Workshop.app/www/index.html
objc[17213]: Class AXEmojiUtilities is implemented in both /Applications/Xcode.app/Contents/Developer/Platforms/iPhoneSimulator.platform/Developer/SDKs/iPhoneSimulator7.1.sdk/System/Library/PrivateFrameworks/AccessibilityUtilities.framework/AccessibilityUtilities and /Applications/Xcode.app/Contents/Developer/Platforms/iPhoneSimulator.platform/Developer/SDKs/iPhoneSimulator7.1.sdk/usr/lib/libAXSpeechManager.dylib. One of the two will be used. Which one is undefined.
2014-05-06 10:32:21.832 Workshop[17213:70b] Cannot find executable for CFBundle 0xa574830 </Applications/Xcode.app/Contents/Developer/Platforms/iPhoneSimulator.platform/Developer/SDKs/iPhoneSimulator7.1.sdk/System/Library/AccessibilityBundles/CertUIFramework.axbundle> (not loaded)
2014-05-06 10:32:21.861 Workshop[17213:70b] Cannot find executable for CFBundle 0xa25cdc0 </Applications/Xcode.app/Contents/Developer/Platforms/iPhoneSimulator.platform/Developer/SDKs/iPhoneSimulator7.1.sdk/System/Library/AccessibilityBundles/GeoServices.axbundle> (not loaded)
2014-05-06 10:32:21.996 Workshop[17213:70b] Multi-tasking -> Device: YES, App: YES
2014-05-06 10:32:22.019 Workshop[17213:70b] Unlimited access to network resources
2014-05-06 10:32:22.299 Workshop[17213:70b] Resetting plugins due to page load.
2014-05-06 10:32:22.601 Workshop[17213:70b] Finished load of: file:///Users/ShavitNetzer/Library/Application%20Support/iPhone%20Simulator/7.1/Applications/B2A11C41-962D-4454-BBCB-49F6947D3293/Workshop.app/www/index.html
objc[17541]: Class AXEmojiUtilities is implemented in both /Applications/Xcode.app/Contents/Developer/Platforms/iPhoneSimulator.platform/Developer/SDKs/iPhoneSimulator7.1.sdk/System/Library/PrivateFrameworks/AccessibilityUtilities.framework/AccessibilityUtilities and /Applications/Xcode.app/Contents/Developer/Platforms/iPhoneSimulator.platform/Developer/SDKs/iPhoneSimulator7.1.sdk/usr/lib/libAXSpeechManager.dylib. One of the two will be used. Which one is undefined.
2014-05-06 10:33:18.751 Workshop[17541:70b] Cannot find executable for CFBundle 0xa580670 </Applications/Xcode.app/Contents/Developer/Platforms/iPhoneSimulator.platform/Developer/SDKs/iPhoneSimulator7.1.sdk/System/Library/AccessibilityBundles/GeoServices.axbundle> (not loaded)
2014-05-06 10:33:18.768 Workshop[17541:70b] Cannot find executable for CFBundle 0xa5c1680 </Applications/Xcode.app/Contents/Developer/Platforms/iPhoneSimulator.platform/Developer/SDKs/iPhoneSimulator7.1.sdk/System/Library/AccessibilityBundles/CertUIFramework.axbundle> (not loaded)
2014-05-06 10:33:18.821 Workshop[17541:70b] Multi-tasking -> Device: YES, App: YES
2014-05-06 10:33:18.837 Workshop[17541:70b] Unlimited access to network resources
2014-05-06 10:33:19.063 Workshop[17541:70b] Resetting plugins due to page load.
2014-05-06 10:33:19.401 Workshop[17541:70b] Finished load of: file:///Users/ShavitNetzer/Library/Application%20Support/iPhone%20Simulator/7.1/Applications/B2A11C41-962D-4454-BBCB-49F6947D3293/Workshop.app/www/index.html
2014-05-06 10:33:28.150 Workshop[17541:70b] Failed to load webpage with error: The URL can’t be shown
2014-05-06 10:33:32.228 Workshop[17541:70b] Failed to load webpage with error: The URL can’t be shown
objc[17842]: Class AXEmojiUtilities is implemented in both /Applications/Xcode.app/Contents/Developer/Platforms/iPhoneSimulator.platform/Developer/SDKs/iPhoneSimulator7.1.sdk/System/Library/PrivateFrameworks/AccessibilityUtilities.framework/AccessibilityUtilities and /Applications/Xcode.app/Contents/Developer/Platforms/iPhoneSimulator.platform/Developer/SDKs/iPhoneSimulator7.1.sdk/usr/lib/libAXSpeechManager.dylib. One of the two will be used. Which one is undefined.
2014-05-06 10:35:44.966 Workshop[17842:70b] Cannot find executable for CFBundle 0xa45ae70 </Applications/Xcode.app/Contents/Developer/Platforms/iPhoneSimulator.platform/Developer/SDKs/iPhoneSimulator7.1.sdk/System/Library/AccessibilityBundles/GeoServices.axbundle> (not loaded)
2014-05-06 10:35:44.972 Workshop[17842:70b] Cannot find executable for CFBundle 0xa29e5f0 </Applications/Xcode.app/Contents/Developer/Platforms/iPhoneSimulator.platform/Developer/SDKs/iPhoneSimulator7.1.sdk/System/Library/AccessibilityBundles/CertUIFramework.axbundle> (not loaded)
2014-05-06 10:35:45.011 Workshop[17842:70b] Multi-tasking -> Device: YES, App: YES
2014-05-06 10:35:45.019 Workshop[17842:70b] Unlimited access to network resources
2014-05-06 10:35:45.089 Workshop[17842:70b] Resetting plugins due to page load.
2014-05-06 10:35:45.221 Workshop[17842:70b] Finished load of: file:///Users/ShavitNetzer/Library/Application%20Support/iPhone%20Simulator/7.1/Applications/B2A11C41-962D-4454-BBCB-49F6947D3293/Workshop.app/www/index.html
objc[18158]: Class AXEmojiUtilities is implemented in both /Applications/Xcode.app/Contents/Developer/Platforms/iPhoneSimulator.platform/Developer/SDKs/iPhoneSimulator7.1.sdk/System/Library/PrivateFrameworks/AccessibilityUtilities.framework/AccessibilityUtilities and /Applications/Xcode.app/Contents/Developer/Platforms/iPhoneSimulator.platform/Developer/SDKs/iPhoneSimulator7.1.sdk/usr/lib/libAXSpeechManager.dylib. One of the two will be used. Which one is undefined.
2014-05-06 10:36:39.791 Workshop[18158:70b] Cannot find executable for CFBundle 0xa46e400 </Applications/Xcode.app/Contents/Developer/Platforms/iPhoneSimulator.platform/Developer/SDKs/iPhoneSimulator7.1.sdk/System/Library/AccessibilityBundles/CertUIFramework.axbundle> (not loaded)
2014-05-06 10:36:39.811 Workshop[18158:70b] Cannot find executable for CFBundle 0xa26fd40 </Applications/Xcode.app/Contents/Developer/Platforms/iPhoneSimulator.platform/Developer/SDKs/iPhoneSimulator7.1.sdk/System/Library/AccessibilityBundles/GeoServices.axbundle> (not loaded)
2014-05-06 10:36:39.879 Workshop[18158:70b] Multi-tasking -> Device: YES, App: YES
2014-05-06 10:36:39.934 Workshop[18158:70b] Unlimited access to network resources
2014-05-06 10:36:40.144 Workshop[18158:70b] Resetting plugins due to page load.
2014-05-06 10:36:40.394 Workshop[18158:70b] Finished load of: file:///Users/ShavitNetzer/Library/Application%20Support/iPhone%20Simulator/7.1/Applications/B2A11C41-962D-4454-BBCB-49F6947D3293/Workshop.app/www/index.html
objc[2027]: Class AXEmojiUtilities is implemented in both /Applications/Xcode.app/Contents/Developer/Platforms/iPhoneSimulator.platform/Developer/SDKs/iPhoneSimulator7.1.sdk/System/Library/PrivateFrameworks/AccessibilityUtilities.framework/AccessibilityUtilities and /Applications/Xcode.app/Contents/Developer/Platforms/iPhoneSimulator.platform/Developer/SDKs/iPhoneSimulator7.1.sdk/usr/lib/libAXSpeechManager.dylib. One of the two will be used. Which one is undefined.
2014-05-06 20:54:59.615 Workshop[2027:70b] Cannot find executable for CFBundle 0xa582a50 </Applications/Xcode.app/Contents/Developer/Platforms/iPhoneSimulator.platform/Developer/SDKs/iPhoneSimulator7.1.sdk/System/Library/AccessibilityBundles/GeoServices.axbundle> (not loaded)
2014-05-06 20:54:59.635 Workshop[2027:70b] Cannot find executable for CFBundle 0xa5a3960 </Applications/Xcode.app/Contents/Developer/Platforms/iPhoneSimulator.platform/Developer/SDKs/iPhoneSimulator7.1.sdk/System/Library/AccessibilityBundles/CertUIFramework.axbundle> (not loaded)
2014-05-06 20:54:59.678 Workshop[2027:70b] Multi-tasking -> Device: YES, App: YES
2014-05-06 20:54:59.711 Workshop[2027:70b] Unlimited access to network resources
2014-05-06 20:55:00.096 Workshop[2027:70b] Resetting plugins due to page load.
2014-05-06 20:55:00.483 Workshop[2027:70b] Finished load of: file:///Users/ShavitNetzer/Library/Application%20Support/iPhone%20Simulator/7.1/Applications/B2A11C41-962D-4454-BBCB-49F6947D3293/Workshop.app/www/index.html
objc[2274]: Class AXEmojiUtilities is implemented in both /Applications/Xcode.app/Contents/Developer/Platforms/iPhoneSimulator.platform/Developer/SDKs/iPhoneSimulator7.1.sdk/System/Library/PrivateFrameworks/AccessibilityUtilities.framework/AccessibilityUtilities and /Applications/Xcode.app/Contents/Developer/Platforms/iPhoneSimulator.platform/Developer/SDKs/iPhoneSimulator7.1.sdk/usr/lib/libAXSpeechManager.dylib. One of the two will be used. Which one is undefined.
2014-05-06 20:58:30.476 Workshop[2274:70b] Cannot find executable for CFBundle 0xa374410 </Applications/Xcode.app/Contents/Developer/Platforms/iPhoneSimulator.platform/Developer/SDKs/iPhoneSimulator7.1.sdk/System/Library/AccessibilityBundles/GeoServices.axbundle> (not loaded)
2014-05-06 20:58:30.567 Workshop[2274:70b] Cannot find executable for CFBundle 0xa470640 </Applications/Xcode.app/Contents/Developer/Platforms/iPhoneSimulator.platform/Developer/SDKs/iPhoneSimulator7.1.sdk/System/Library/AccessibilityBundles/CertUIFramework.axbundle> (not loaded)
2014-05-06 20:58:30.650 Workshop[2274:70b] Multi-tasking -> Device: YES, App: YES
2014-05-06 20:58:30.660 Workshop[2274:70b] Unlimited access to network resources
2014-05-06 20:58:30.839 Workshop[2274:70b] Resetting plugins due to page load.
2014-05-06 20:58:31.138 Workshop[2274:70b] Finished load of: file:///Users/ShavitNetzer/Library/Application%20Support/iPhone%20Simulator/7.1/Applications/B2A11C41-962D-4454-BBCB-49F6947D3293/Workshop.app/www/index.html
objc[2690]: Class AXEmojiUtilities is implemented in both /Applications/Xcode.app/Contents/Developer/Platforms/iPhoneSimulator.platform/Developer/SDKs/iPhoneSimulator7.1.sdk/System/Library/PrivateFrameworks/AccessibilityUtilities.framework/AccessibilityUtilities and /Applications/Xcode.app/Contents/Developer/Platforms/iPhoneSimulator.platform/Developer/SDKs/iPhoneSimulator7.1.sdk/usr/lib/libAXSpeechManager.dylib. One of the two will be used. Which one is undefined.
2014-05-06 21:16:03.000 Workshop[2690:70b] Cannot find executable for CFBundle 0xa43bf30 </Applications/Xcode.app/Contents/Developer/Platforms/iPhoneSimulator.platform/Developer/SDKs/iPhoneSimulator7.1.sdk/System/Library/AccessibilityBundles/CertUIFramework.axbundle> (not loaded)
2014-05-06 21:16:03.009 Workshop[2690:70b] Cannot find executable for CFBundle 0xa27b520 </Applications/Xcode.app/Contents/Developer/Platforms/iPhoneSimulator.platform/Developer/SDKs/iPhoneSimulator7.1.sdk/System/Library/AccessibilityBundles/GeoServices.axbundle> (not loaded)
2014-05-06 21:16:03.049 Workshop[2690:70b] Multi-tasking -> Device: YES, App: YES
2014-05-06 21:16:03.060 Workshop[2690:70b] Unlimited access to network resources
2014-05-06 21:16:03.267 Workshop[2690:70b] Resetting plugins due to page load.
2014-05-06 21:16:03.530 Workshop[2690:70b] Finished load of: file:///Users/ShavitNetzer/Library/Application%20Support/iPhone%20Simulator/7.1/Applications/B2A11C41-962D-4454-BBCB-49F6947D3293/Workshop.app/www/index.html
objc[4084]: Class AXEmojiUtilities is implemented in both /Applications/Xcode.app/Contents/Developer/Platforms/iPhoneSimulator.platform/Developer/SDKs/iPhoneSimulator7.1.sdk/System/Library/PrivateFrameworks/AccessibilityUtilities.framework/AccessibilityUtilities and /Applications/Xcode.app/Contents/Developer/Platforms/iPhoneSimulator.platform/Developer/SDKs/iPhoneSimulator7.1.sdk/usr/lib/libAXSpeechManager.dylib. One of the two will be used. Which one is undefined.
2014-05-07 10:46:03.710 Workshop[4084:70b] Cannot find executable for CFBundle 0xa3529d0 </Applications/Xcode.app/Contents/Developer/Platforms/iPhoneSimulator.platform/Developer/SDKs/iPhoneSimulator7.1.sdk/System/Library/AccessibilityBundles/GeoServices.axbundle> (not loaded)
2014-05-07 10:46:03.719 Workshop[4084:70b] Cannot find executable for CFBundle 0xa261f40 </Applications/Xcode.app/Contents/Developer/Platforms/iPhoneSimulator.platform/Developer/SDKs/iPhoneSimulator7.1.sdk/System/Library/AccessibilityBundles/CertUIFramework.axbundle> (not loaded)
2014-05-07 10:46:03.773 Workshop[4084:70b] Multi-tasking -> Device: YES, App: YES
2014-05-07 10:46:03.785 Workshop[4084:70b] Unlimited access to network resources
2014-05-07 10:46:03.979 Workshop[4084:70b] Resetting plugins due to page load.
2014-05-07 10:46:04.280 Workshop[4084:70b] Finished load of: file:///Users/ShavitNetzer/Library/Application%20Support/iPhone%20Simulator/7.1/Applications/B2A11C41-962D-4454-BBCB-49F6947D3293/Workshop.app/www/index.html
objc[1018]: Class AXEmojiUtilities is implemented in both /Applications/Xcode.app/Contents/Developer/Platforms/iPhoneSimulator.platform/Developer/SDKs/iPhoneSimulator7.1.sdk/System/Library/PrivateFrameworks/AccessibilityUtilities.framework/AccessibilityUtilities and /Applications/Xcode.app/Contents/Developer/Platforms/iPhoneSimulator.platform/Developer/SDKs/iPhoneSimulator7.1.sdk/usr/lib/libAXSpeechManager.dylib. One of the two will be used. Which one is undefined.
2014-05-07 23:44:43.056 Legends[1018:70b] Cannot find executable for CFBundle 0xa294290 </Applications/Xcode.app/Contents/Developer/Platforms/iPhoneSimulator.platform/Developer/SDKs/iPhoneSimulator7.1.sdk/System/Library/AccessibilityBundles/CertUIFramework.axbundle> (not loaded)
2014-05-07 23:44:43.068 Legends[1018:70b] Cannot find executable for CFBundle 0xa565760 </Applications/Xcode.app/Contents/Developer/Platforms/iPhoneSimulator.platform/Developer/SDKs/iPhoneSimulator7.1.sdk/System/Library/AccessibilityBundles/GeoServices.axbundle> (not loaded)
2014-05-07 23:44:43.114 Legends[1018:70b] Multi-tasking -> Device: YES, App: YES
2014-05-07 23:44:43.527 Legends[1018:70b] Resetting plugins due to page load.
2014-05-07 23:44:43.661 Legends[1018:70b] Finished load of: file:///Users/ShavitNetzer/Library/Application%20Support/iPhone%20Simulator/7.1/Applications/08E62939-CFD4-468B-AC6B-157155CB2DD3/Legends.app/www/index.html
objc[1346]: Class AXEmojiUtilities is implemented in both /Applications/Xcode.app/Contents/Developer/Platforms/iPhoneSimulator.platform/Developer/SDKs/iPhoneSimulator7.1.sdk/System/Library/PrivateFrameworks/AccessibilityUtilities.framework/AccessibilityUtilities and /Applications/Xcode.app/Contents/Developer/Platforms/iPhoneSimulator.platform/Developer/SDKs/iPhoneSimulator7.1.sdk/usr/lib/libAXSpeechManager.dylib. One of the two will be used. Which one is undefined.
2014-05-07 23:47:31.825 Legends[1346:70b] Cannot find executable for CFBundle 0xa5cfd40 </Applications/Xcode.app/Contents/Developer/Platforms/iPhoneSimulator.platform/Developer/SDKs/iPhoneSimulator7.1.sdk/System/Library/AccessibilityBundles/GeoServices.axbundle> (not loaded)
2014-05-07 23:47:31.833 Legends[1346:70b] Cannot find executable for CFBundle 0xa5ec300 </Applications/Xcode.app/Contents/Developer/Platforms/iPhoneSimulator.platform/Developer/SDKs/iPhoneSimulator7.1.sdk/System/Library/AccessibilityBundles/CertUIFramework.axbundle> (not loaded)
2014-05-07 23:47:31.876 Legends[1346:70b] Multi-tasking -> Device: YES, App: YES
2014-05-07 23:47:32.068 Legends[1346:70b] Resetting plugins due to page load.
2014-05-07 23:47:32.124 Legends[1346:70b] Finished load of: file:///Users/ShavitNetzer/Library/Application%20Support/iPhone%20Simulator/7.1/Applications/08E62939-CFD4-468B-AC6B-157155CB2DD3/Legends.app/www/index.html
Terminating in response to SpringBoard's termination.
